# JRE version: Java(TM) SE Runtime Environment (17.0.7+8) (build 17.0.7+8-LTS-224)
# Java VM: Java HotSpot(TM) 64-Bit Server VM (17.0.7+8-LTS-224, mixed mode, sharing, tiered, compressed oops, compressed class ptrs, g1 gc, windows-amd64)
GC Precious Log:
 CPUs: 2 total, 2 available
 Memory: 3819M
 Large Page Support: Disabled
 NUMA Support: Disabled
 Compressed Oops: Enabled (32-bit)
 Heap Region Size: 1M
 Heap Min Capacity: 8M
 Heap Initial Capacity: 60M
 Heap Max Capacity: 956M
 Pre-touch: Disabled
 Parallel Workers: 2
 Concurrent Workers: 1
 Concurrent Refinement Workers: 2
 Periodic GC: Disabled
Heap:
 garbage-first heap   total 100352K, used 33208K [0x00000000c4400000, 0x0000000100000000)
  region size 1024K, 8 young (8192K), 6 survivors (6144K)
 Metaspace       used 71919K, committed 72448K, reserved 1114112K
  class space    used 9970K, committed 10240K, reserved 1048576K
GC Heap History (20 events):
Event: 12.168 GC heap before
{Heap before GC invocations=23 (full 0):
 garbage-first heap   total 68608K, used 56117K [0x00000000c4400000, 0x0000000100000000)
  region size 1024K, 37 young (37888K), 4 survivors (4096K)
 Metaspace       used 47453K, committed 47872K, reserved 1097728K
  class space    used 6433K, committed 6656K, reserved 1048576K
}
Event: 12.175 GC heap after
{Heap after GC invocations=24 (full 0):
 garbage-first heap   total 68608K, used 22858K [0x00000000c4400000, 0x0000000100000000)
  region size 1024K, 3 young (3072K), 3 survivors (3072K)
 Metaspace       used 47453K, committed 47872K, reserved 1097728K
  class space    used 6433K, committed 6656K, reserved 1048576K
}
Event: 12.694 GC heap before
{Heap before GC invocations=24 (full 0):
 garbage-first heap   total 68608K, used 56650K [0x00000000c4400000, 0x0000000100000000)
  region size 1024K, 36 young (36864K), 3 survivors (3072K)
 Metaspace       used 50335K, committed 50752K, reserved 1097728K
  class space    used 6832K, committed 7040K, reserved 1048576K
}
Event: 12.700 GC heap after
{Heap after GC invocations=25 (full 0):
 garbage-first heap   total 82944K, used 23130K [0x00000000c4400000, 0x0000000100000000)
  region size 1024K, 3 young (3072K), 3 survivors (3072K)
 Metaspace       used 50335K, committed 50752K, reserved 1097728K
  class space    used 6832K, committed 7040K, reserved 1048576K
}
Event: 13.443 GC heap before
{Heap before GC invocations=25 (full 0):
 garbage-first heap   total 82944K, used 67162K [0x00000000c4400000, 0x0000000100000000)
  region size 1024K, 47 young (48128K), 3 survivors (3072K)
 Metaspace       used 54451K, committed 54912K, reserved 1097728K
  class space    used 7463K, committed 7680K, reserved 1048576K
}
Event: 13.450 GC heap after
{Heap after GC invocations=26 (full 0):
 garbage-first heap   total 82944K, used 24005K [0x00000000c4400000, 0x0000000100000000)
  region size 1024K, 4 young (4096K), 4 survivors (4096K)
 Metaspace       used 54451K, committed 54912K, reserved 1097728K
  class space    used 7463K, committed 7680K, reserved 1048576K
}
Event: 14.227 GC heap before
{Heap before GC invocations=26 (full 0):
 garbage-first heap   total 82944K, used 68037K [0x00000000c4400000, 0x0000000100000000)
  region size 1024K, 47 young (48128K), 4 survivors (4096K)
 Metaspace       used 58701K, committed 59264K, reserved 1105920K
  class space    used 8080K, committed 8320K, reserved 1048576K
}
Event: 14.241 GC heap after
{Heap after GC invocations=27 (full 0):
 garbage-first heap   total 82944K, used 24149K [0x00000000c4400000, 0x0000000100000000)
  region size 1024K, 4 young (4096K), 4 survivors (4096K)
 Metaspace       used 58701K, committed 59264K, reserved 1105920K
  class space    used 8080K, committed 8320K, reserved 1048576K
}
Event: 14.470 GC heap before
{Heap before GC invocations=27 (full 0):
 garbage-first heap   total 82944K, used 35413K [0x00000000c4400000, 0x0000000100000000)
  region size 1024K, 16 young (16384K), 4 survivors (4096K)
 Metaspace       used 59608K, committed 60096K, reserved 1105920K
  class space    used 8189K, committed 8448K, reserved 1048576K
}
Event: 14.479 GC heap after
{Heap after GC invocations=28 (full 0):
 garbage-first heap   total 82944K, used 25002K [0x00000000c4400000, 0x0000000100000000)
  region size 1024K, 3 young (3072K), 3 survivors (3072K)
 Metaspace       used 59608K, committed 60096K, reserved 1105920K
  class space    used 8189K, committed 8448K, reserved 1048576K
}
Event: 15.185 GC heap before
{Heap before GC invocations=29 (full 0):
 garbage-first heap   total 82944K, used 68010K [0x00000000c4400000, 0x0000000100000000)
  region size 1024K, 45 young (46080K), 3 survivors (3072K)
 Metaspace       used 62595K, committed 63104K, reserved 1105920K
  class space    used 8639K, committed 8832K, reserved 1048576K
}
Event: 15.195 GC heap after
{Heap after GC invocations=30 (full 0):
 garbage-first heap   total 82944K, used 26308K [0x00000000c4400000, 0x0000000100000000)
  region size 1024K, 5 young (5120K), 5 survivors (5120K)
 Metaspace       used 62595K, committed 63104K, reserved 1105920K
  class space    used 8639K, committed 8832K, reserved 1048576K
}
Event: 15.787 GC heap before
{Heap before GC invocations=30 (full 0):
 garbage-first heap   total 82944K, used 66244K [0x00000000c4400000, 0x0000000100000000)
  region size 1024K, 44 young (45056K), 5 survivors (5120K)
 Metaspace       used 64186K, committed 64768K, reserved 1105920K
  class space    used 8873K, committed 9152K, reserved 1048576K
}
Event: 15.798 GC heap after
{Heap after GC invocations=31 (full 0):
 garbage-first heap   total 82944K, used 27173K [0x00000000c4400000, 0x0000000100000000)
  region size 1024K, 4 young (4096K), 4 survivors (4096K)
 Metaspace       used 64186K, committed 64768K, reserved 1105920K
  class space    used 8873K, committed 9152K, reserved 1048576K
}
Event: 16.327 GC heap before
{Heap before GC invocations=31 (full 0):
 garbage-first heap   total 82944K, used 68133K [0x00000000c4400000, 0x0000000100000000)
  region size 1024K, 44 young (45056K), 4 survivors (4096K)
 Metaspace       used 64862K, committed 65408K, reserved 1105920K
  class space    used 8948K, committed 9216K, reserved 1048576K
}
Event: 16.337 GC heap after
{Heap after GC invocations=32 (full 0):
 garbage-first heap   total 82944K, used 27958K [0x00000000c4400000, 0x0000000100000000)
  region size 1024K, 4 young (4096K), 4 survivors (4096K)
 Metaspace       used 64862K, committed 65408K, reserved 1105920K
  class space    used 8948K, committed 9216K, reserved 1048576K
}
Event: 17.117 GC heap before
{Heap before GC invocations=32 (full 0):
 garbage-first heap   total 82944K, used 67894K [0x00000000c4400000, 0x0000000100000000)
  region size 1024K, 43 young (44032K), 4 survivors (4096K)
 Metaspace       used 67560K, committed 68160K, reserved 1114112K
  class space    used 9331K, committed 9600K, reserved 1048576K
}
Event: 17.140 GC heap after
{Heap after GC invocations=33 (full 0):
 garbage-first heap   total 100352K, used 29878K [0x00000000c4400000, 0x0000000100000000)
  region size 1024K, 5 young (5120K), 5 survivors (5120K)
 Metaspace       used 67560K, committed 68160K, reserved 1114112K
  class space    used 9331K, committed 9600K, reserved 1048576K
}
Event: 18.386 GC heap before
{Heap before GC invocations=33 (full 0):
 garbage-first heap   total 100352K, used 84150K [0x00000000c4400000, 0x0000000100000000)
  region size 1024K, 58 young (59392K), 5 survivors (5120K)
 Metaspace       used 71820K, committed 72384K, reserved 1114112K
  class space    used 9958K, committed 10240K, reserved 1048576K
}
Event: 18.402 GC heap after
{Heap after GC invocations=34 (full 0):
 garbage-first heap   total 100352K, used 32184K [0x00000000c4400000, 0x0000000100000000)
  region size 1024K, 6 young (6144K), 6 survivors (6144K)
 Metaspace       used 71820K, committed 72384K, reserved 1114112K
  class space    used 9958K, committed 10240K, reserved 1048576K
}

